[2019-05-04T20:40:19.828] [INFO] sdi - El usuario accedió al index
[2019-05-04T20:40:23.607] [INFO] sdi - Usuario se va a registrar
[2019-05-04T20:41:14.074] [INFO] sdi - Usuario se va a registrar
[2019-05-04T20:41:15.795] [INFO] sdi - Usuario registrado como pmrtnez@gmail.com
[2019-05-04T20:41:40.194] [INFO] sdi - Nueva oferta añadida
[2019-05-04T20:41:44.404] [INFO] sdi - Se han listado correctamente las páginas
[2019-05-04T20:41:55.134] [INFO] sdi - La oferta se compró correctamente
[2019-05-04T20:41:55.790] [INFO] sdi - Las ofertas se listaron corectamente
[2019-05-04T20:41:59.883] [INFO] sdi - Las ofertas se listaron corectamente
[2019-05-04T20:42:04.225] [INFO] sdi - El usuario pmrtnez@gmail.com ha cerrado sesión correctamente
[2019-05-04T20:42:04.233] [INFO] sdi - Usuario se intenta loguear
[2019-05-04T20:42:05.213] [INFO] sdi - Usuario se intenta loguear
[2019-05-04T20:42:22.753] [INFO] sdi - El usuario pmrtnez@gmail.com se ha logueado correctamente
[2019-05-04T20:42:25.144] [INFO] sdi - El usuario pmrtnez@gmail.com ha cerrado sesión correctamente
[2019-05-04T20:42:25.148] [INFO] sdi - Usuario se intenta loguear
[2019-05-05T19:52:53.935] [INFO] sdi - El usuario accedió al index
[2019-05-05T19:52:56.051] [INFO] sdi - Usuario se intenta loguear
[2019-05-05T19:53:10.298] [INFO] sdi - Usuario se va a registrar
[2019-05-05T19:53:43.016] [INFO] sdi - Usuario se va a registrar
[2019-05-05T19:53:44.679] [INFO] sdi - Usuario registrado como prueba100@gmail.com
[2019-05-05T19:53:48.931] [INFO] sdi - Las ofertas se listaron corectamente
[2019-05-05T19:54:05.503] [INFO] sdi - Nueva oferta añadida
[2019-05-05T19:54:19.453] [INFO] sdi - Nueva oferta añadida
[2019-05-05T19:54:22.685] [INFO] sdi - Se han listado correctamente las páginas
[2019-05-05T19:54:27.946] [INFO] sdi - Se han listado correctamente las páginas
[2019-05-05T19:54:35.963] [INFO] sdi - Se han listado correctamente las páginas
[2019-05-05T19:54:51.786] [INFO] sdi - El usuario prueba100@gmail.com ha cerrado sesión correctamente
[2019-05-05T19:54:51.790] [INFO] sdi - Usuario se intenta loguear
[2019-05-05T19:55:00.050] [INFO] sdi - El usuario prueba1@prueba1.com se ha logueado correctamente
[2019-05-05T19:55:02.383] [INFO] sdi - Se han listado correctamente las páginas
[2019-05-05T19:55:07.544] [INFO] sdi - Se han listado correctamente las páginas
[2019-05-05T19:55:27.181] [INFO] sdi - El usuario prueba1@prueba1.com ha cerrado sesión correctamente
[2019-05-05T19:55:27.186] [INFO] sdi - Usuario se intenta loguear
[2019-05-05T19:55:35.789] [INFO] sdi - El usuario admin@email.com se ha logueado correctamente
[2019-05-05T19:55:35.817] [INFO] sdi - El usuario admin@email.com lista los usuarios de la aplicación
[2019-05-05T19:55:36.476] [INFO] sdi - Se han listado correctamente los usuarios de la aplicación
[2019-05-05T19:56:27.363] [INFO] sdi - El usuario accedió al index
[2019-05-05T19:56:29.301] [INFO] sdi - Usuario se intenta loguear
[2019-05-05T19:56:36.901] [INFO] sdi - El usuario prueba1@prueba1.com se ha logueado correctamente
[2019-05-05T19:56:39.785] [INFO] sdi - Se han listado correctamente las páginas
[2019-05-05T19:56:42.501] [INFO] sdi - Se han listado correctamente las páginas
[2019-05-05T19:56:44.401] [INFO] sdi - El usuario prueba1@prueba1.com ha cerrado sesión correctamente
[2019-05-05T19:56:44.405] [INFO] sdi - Usuario se intenta loguear
[2019-05-05T19:56:50.178] [INFO] sdi - El usuario admin@email.com se ha logueado correctamente
[2019-05-05T19:56:50.184] [INFO] sdi - El usuario admin@email.com lista los usuarios de la aplicación
[2019-05-05T19:56:50.894] [INFO] sdi - Se han listado correctamente los usuarios de la aplicación
[2019-05-05T19:56:57.721] [INFO] sdi - Los usuarios se eliminaron correctamente
[2019-05-05T19:56:57.751] [INFO] sdi - El usuario admin@email.com lista los usuarios de la aplicación
[2019-05-05T19:56:58.454] [INFO] sdi - Se han listado correctamente los usuarios de la aplicación
[2019-05-05T19:57:01.310] [INFO] sdi - El usuario admin@email.com ha cerrado sesión correctamente
[2019-05-05T19:57:01.315] [INFO] sdi - Usuario se intenta loguear
[2019-05-05T19:57:06.721] [INFO] sdi - El usuario prueba1@prueba1.com se ha logueado correctamente
[2019-05-05T19:57:09.522] [INFO] sdi - Se han listado correctamente las páginas
[2019-05-05T19:57:12.144] [INFO] sdi - Se han listado correctamente las páginas
[2019-05-05T20:04:30.051] [INFO] sdi - El usuario accedió al index
[2019-05-05T20:04:32.324] [INFO] sdi - Usuario se va a registrar
[2019-05-05T20:04:53.157] [INFO] sdi - Usuario se va a registrar
[2019-05-05T20:04:53.845] [ERROR] sdi - El email ya está registrado
[2019-05-05T20:04:53.852] [INFO] sdi - Usuario se va a registrar
[2019-05-05T20:06:03.432] [INFO] sdi - El usuario accedió al index
[2019-05-05T20:06:05.462] [INFO] sdi - Usuario se intenta loguear
[2019-05-05T20:06:06.343] [INFO] sdi - Usuario se va a registrar
[2019-05-05T20:06:22.907] [INFO] sdi - Usuario se va a registrar
[2019-05-05T20:06:24.460] [INFO] sdi - Usuario registrado como prueba100@gmail.com
[2019-05-05T20:06:42.035] [INFO] sdi - Nueva oferta añadida
[2019-05-05T20:06:56.063] [INFO] sdi - Nueva oferta añadida
[2019-05-05T20:06:58.748] [INFO] sdi - Se han listado correctamente las páginas
[2019-05-05T20:07:03.019] [INFO] sdi - Se han listado correctamente las páginas
[2019-05-05T20:07:05.730] [INFO] sdi - El usuario prueba100@gmail.com ha cerrado sesión correctamente
[2019-05-05T20:07:05.735] [INFO] sdi - Usuario se intenta loguear
[2019-05-05T20:07:12.676] [INFO] sdi - El usuario admin@email.com se ha logueado correctamente
[2019-05-05T20:07:12.681] [INFO] sdi - El usuario admin@email.com lista los usuarios de la aplicación
[2019-05-05T20:07:13.435] [INFO] sdi - Se han listado correctamente los usuarios de la aplicación
[2019-05-05T20:07:19.948] [INFO] sdi - Los usuarios se eliminaron correctamente
[2019-05-05T20:07:19.953] [INFO] sdi - El usuario admin@email.com lista los usuarios de la aplicación
[2019-05-05T20:07:20.698] [INFO] sdi - Se han listado correctamente los usuarios de la aplicación
[2019-05-05T20:07:25.913] [INFO] sdi - El usuario admin@email.com ha cerrado sesión correctamente
[2019-05-05T20:07:25.929] [INFO] sdi - Usuario se intenta loguear
[2019-05-05T20:07:32.296] [INFO] sdi - El usuario prueba1@prueba1.com se ha logueado correctamente
[2019-05-05T20:07:35.346] [INFO] sdi - Se han listado correctamente las páginas
[2019-05-05T20:07:38.016] [INFO] sdi - Se han listado correctamente las páginas
[2019-05-05T20:37:08.144] [INFO] sdi - El usuario accedió al index
[2019-05-05T20:37:10.287] [INFO] sdi - Usuario se intenta loguear
[2019-05-05T20:40:44.586] [INFO] sdi - El usuario accedió al index
[2019-05-05T20:40:46.475] [INFO] sdi - Usuario se intenta loguear
[2019-05-05T20:40:52.343] [INFO] sdi - El usuario prueba1@prueba1.com se ha logueado correctamente
[2019-05-05T20:40:55.154] [INFO] sdi - Se han listado correctamente las páginas
[2019-05-05T20:47:30.547] [INFO] sdi - El usuario accedió al index
[2019-05-05T20:47:34.407] [INFO] sdi - Usuario se intenta loguear
[2019-05-05T20:47:40.478] [INFO] sdi - El usuario prueba1@prueba1.com se ha logueado correctamente
[2019-05-05T20:47:43.430] [INFO] sdi - Se han listado correctamente las páginas
[2019-05-05T20:47:47.712] [INFO] sdi - Se han listado correctamente las páginas
[2019-05-05T20:47:51.073] [INFO] sdi - Se han listado correctamente las páginas
[2019-05-05T20:47:54.179] [INFO] sdi - Se han listado correctamente las páginas
[2019-05-05T20:47:57.379] [INFO] sdi - Se han listado correctamente las páginas
[2019-05-05T20:48:00.709] [INFO] sdi - Se han listado correctamente las páginas
[2019-05-05T20:48:04.739] [INFO] sdi - Se han listado correctamente las páginas
[2019-05-05T20:48:07.818] [INFO] sdi - Se han listado correctamente las páginas
[2019-05-05T20:48:10.618] [INFO] sdi - Se han listado correctamente las páginas
[2019-05-05T20:48:13.270] [INFO] sdi - Se han listado correctamente las páginas
[2019-05-05T20:55:03.424] [INFO] sdi - El usuario accedió al index
[2019-05-05T20:55:05.255] [INFO] sdi - Usuario se intenta loguear
[2019-05-05T20:55:10.732] [INFO] sdi - El usuario prueba1@prueba1.com se ha logueado correctamente
[2019-05-05T20:55:13.765] [INFO] sdi - Se han listado correctamente las páginas
[2019-05-05T20:55:20.995] [INFO] sdi - Se han listado correctamente las páginas
[2019-05-05T20:55:23.954] [INFO] sdi - Se han listado correctamente las páginas
[2019-05-05T20:55:26.653] [INFO] sdi - Se han listado correctamente las páginas
[2019-05-05T20:58:19.259] [INFO] sdi - El usuario accedió al index
[2019-05-05T20:58:20.705] [INFO] sdi - Usuario se intenta loguear
[2019-05-05T20:58:26.723] [INFO] sdi - El usuario prueba1@prueba1.com se ha logueado correctamente
[2019-05-05T20:58:32.306] [INFO] sdi - Se han listado correctamente las páginas
[2019-05-05T20:58:42.477] [INFO] sdi - Se han listado correctamente las páginas
[2019-05-05T20:58:47.995] [INFO] sdi - Se han listado correctamente las páginas
[2019-05-05T20:58:50.676] [INFO] sdi - Se han listado correctamente las páginas
[2019-05-05T21:04:55.226] [INFO] sdi - El usuario accedió al index
[2019-05-05T21:04:57.144] [INFO] sdi - Usuario se intenta loguear
[2019-05-05T21:05:02.842] [INFO] sdi - El usuario prueba1@prueba1.com se ha logueado correctamente
[2019-05-05T21:05:05.374] [INFO] sdi - Se han listado correctamente las páginas
[2019-05-05T21:05:09.572] [INFO] sdi - Se han listado correctamente las páginas
[2019-05-05T21:05:13.712] [INFO] sdi - Se han listado correctamente las páginas
[2019-05-05T21:06:13.491] [INFO] sdi - El usuario accedió al index
[2019-05-05T21:06:17.574] [INFO] sdi - Usuario se intenta loguear
[2019-05-05T21:06:24.400] [INFO] sdi - El usuario prueba1@prueba1.com se ha logueado correctamente
[2019-05-05T21:06:31.406] [INFO] sdi - Se han listado correctamente las páginas
[2019-05-05T21:07:30.341] [INFO] sdi - El usuario accedió al index
[2019-05-05T21:07:32.739] [INFO] sdi - Usuario se va a registrar
[2019-05-05T21:07:35.149] [INFO] sdi - Usuario se intenta loguear
[2019-05-05T21:07:39.957] [INFO] sdi - El usuario prueba1@prueba1.com se ha logueado correctamente
[2019-05-05T21:07:44.396] [INFO] sdi - Se han listado correctamente las páginas
[2019-05-05T21:07:52.795] [INFO] sdi - Se han listado correctamente las páginas
[2019-05-05T21:09:30.444] [INFO] sdi - El usuario accedió al index
[2019-05-05T21:09:32.341] [INFO] sdi - Usuario se intenta loguear
[2019-05-05T21:09:37.910] [INFO] sdi - El usuario prueba1@prueba1.com se ha logueado correctamente
[2019-05-05T21:09:40.675] [INFO] sdi - Se han listado correctamente las páginas
[2019-05-05T21:09:45.105] [INFO] sdi - Se han listado correctamente las páginas
[2019-05-05T21:09:48.583] [INFO] sdi - Se han listado correctamente las páginas
[2019-05-05T21:09:52.631] [INFO] sdi - Se han listado correctamente las páginas
[2019-05-05T21:09:55.942] [INFO] sdi - Se han listado correctamente las páginas
[2019-05-05T21:11:54.686] [INFO] sdi - El usuario accedió al index
[2019-05-05T21:11:57.739] [INFO] sdi - Usuario se intenta loguear
[2019-05-05T21:12:03.417] [INFO] sdi - El usuario prueba1@prueba1.com se ha logueado correctamente
[2019-05-05T21:12:08.739] [INFO] sdi - Se han listado correctamente las páginas
[2019-05-05T21:13:07.898] [INFO] sdi - El usuario accedió al index
[2019-05-05T21:13:13.496] [INFO] sdi - Usuario se intenta loguear
[2019-05-05T21:13:20.035] [INFO] sdi - El usuario prueba1@prueba1.com se ha logueado correctamente
[2019-05-05T21:13:22.181] [INFO] sdi - Se han listado correctamente las páginas
[2019-05-05T21:16:13.137] [INFO] sdi - El usuario accedió al index
[2019-05-05T21:16:14.612] [INFO] sdi - Usuario se intenta loguear
[2019-05-05T21:16:19.966] [INFO] sdi - El usuario prueba1@prueba1.com se ha logueado correctamente
[2019-05-05T21:16:22.222] [INFO] sdi - Se han listado correctamente las páginas
[2019-05-05T21:18:39.868] [INFO] sdi - El usuario accedió al index
[2019-05-05T21:18:41.471] [INFO] sdi - Usuario se intenta loguear
[2019-05-05T21:18:46.691] [INFO] sdi - El usuario prueba1@prueba1.com se ha logueado correctamente
[2019-05-05T21:18:49.360] [INFO] sdi - Se han listado correctamente las páginas
[2019-05-05T21:18:54.610] [INFO] sdi - Se han listado correctamente las páginas
[2019-05-05T21:18:57.251] [INFO] sdi - Se han listado correctamente las páginas
[2019-05-05T21:19:58.473] [INFO] sdi - El usuario accedió al index
[2019-05-05T21:20:00.419] [INFO] sdi - Usuario se intenta loguear
[2019-05-05T21:20:06.528] [INFO] sdi - El usuario prueba1@prueba1.com se ha logueado correctamente
[2019-05-05T21:20:10.348] [INFO] sdi - Se han listado correctamente las páginas
[2019-05-05T21:22:10.363] [INFO] sdi - El usuario accedió al index
[2019-05-05T21:22:12.292] [INFO] sdi - Usuario se intenta loguear
[2019-05-05T21:22:17.504] [INFO] sdi - El usuario prueba1@prueba1.com se ha logueado correctamente
[2019-05-05T21:22:20.867] [INFO] sdi - Se han listado correctamente las páginas
[2019-05-05T21:22:24.711] [INFO] sdi - Se han listado correctamente las páginas
[2019-05-05T21:22:28.322] [INFO] sdi - Se han listado correctamente las páginas
[2019-05-05T21:25:47.728] [INFO] sdi - El usuario accedió al index
[2019-05-05T21:25:50.008] [INFO] sdi - Usuario se intenta loguear
[2019-05-05T21:25:55.338] [INFO] sdi - El usuario prueba1@prueba1.com se ha logueado correctamente
[2019-05-05T21:25:57.545] [INFO] sdi - Se han listado correctamente las páginas
[2019-05-05T21:26:00.577] [INFO] sdi - Se han listado correctamente las páginas
[2019-05-05T21:27:20.692] [INFO] sdi - El usuario accedió al index
[2019-05-05T21:27:22.345] [INFO] sdi - Usuario se intenta loguear
[2019-05-05T21:27:28.002] [INFO] sdi - El usuario prueba1@prueba1.com se ha logueado correctamente
[2019-05-05T21:27:32.337] [INFO] sdi - Se han listado correctamente las páginas
[2019-05-05T21:29:09.020] [INFO] sdi - El usuario accedió al index
[2019-05-05T21:29:10.570] [INFO] sdi - Usuario se intenta loguear
[2019-05-05T21:29:16.626] [INFO] sdi - El usuario prueba1@prueba1.com se ha logueado correctamente
[2019-05-05T21:29:20.117] [INFO] sdi - Se han listado correctamente las páginas
[2019-05-05T21:29:23.599] [INFO] sdi - Se han listado correctamente las páginas
[2019-05-05T21:29:54.502] [INFO] sdi - El usuario accedió al index
[2019-05-05T21:29:56.273] [INFO] sdi - Usuario se intenta loguear
[2019-05-05T21:30:01.464] [INFO] sdi - El usuario prueba1@prueba1.com se ha logueado correctamente
[2019-05-05T21:30:03.597] [INFO] sdi - Se han listado correctamente las páginas
[2019-05-05T21:30:08.906] [INFO] sdi - Se han listado correctamente las páginas
[2019-05-05T21:32:14.528] [INFO] sdi - El usuario accedió al index
[2019-05-05T21:32:16.072] [INFO] sdi - Usuario se intenta loguear
[2019-05-05T21:32:21.831] [INFO] sdi - El usuario prueba1@prueba1.com se ha logueado correctamente
[2019-05-05T21:32:25.294] [INFO] sdi - Se han listado correctamente las páginas
[2019-05-05T21:32:29.501] [INFO] sdi - Se han listado correctamente las páginas
[2019-05-05T21:32:38.551] [INFO] sdi - Se han listado correctamente las páginas
